<?xml version="1.0" encoding="utf-8"?><testsuites name="pytest tests"><testsuite name="pytest" errors="0" failures="0" skipped="0" tests="7" time="7.603" timestamp="2026-07-21T11:44:12.526155+00:00" hostname="agent-env-8647bd50-0a71-4b37-9fef-4ea3b2f08052"><testcase classname="backend.tests.test_iteration11_image_compression.TestCreateItemCompression" name="test_create_item_compresses_large_photo" time="0.549" /><testcase classname="backend.tests.test_iteration11_image_compression.TestCreateItemCompression" name="test_create_item_compresses_worn_photo" time="0.266" /><testcase classname="backend.tests.test_iteration11_image_compression.TestUpdateItemCompression" name="test_put_item_compresses_photo" time="0.231" /><testcase classname="backend.tests.test_iteration11_image_compression.TestCaptureCleanImageBounded" name="test_capture_clean_image_bounded_with_retry" time="6.129" /><testcase classname="backend.tests.test_iteration11_image_compression.TestListItemsAllBounded" name="test_all_items_bounded_and_valid" time="0.064" /><testcase classname="backend.tests.test_iteration11_image_compression.TestRegressionRoundTrip" name="test_created_item_appears_in_list_with_pairs_count" time="0.107" /><testcase classname="backend.tests.test_iteration11_image_compression.TestZZZCleanup" name="test_delete_all_created" time="0.211" /></testsuite></testsuites>