<?xml version="1.0" encoding="utf-8"?><testsuites name="pytest tests"><testsuite name="pytest" errors="0" failures="0" skipped="0" tests="5" time="10.528" timestamp="2026-07-21T12:20:37.675502+00:00" hostname="agent-env-8647bd50-0a71-4b37-9fef-4ea3b2f08052"><testcase classname="backend.tests.test_iteration14_style_profile" name="test_put_profile_persists_new_style_fields" time="0.309" /><testcase classname="backend.tests.test_iteration14_style_profile" name="test_get_profiles_reflects_new_fields" time="0.044" /><testcase classname="backend.tests.test_iteration14_style_profile" name="test_partial_update_merges_and_does_not_wipe" time="0.085" /><testcase classname="backend.tests.test_iteration14_style_profile" name="test_partial_update_touching_only_fit_pref_keeps_style_prefs" time="0.052" /><testcase classname="backend.tests.test_iteration14_style_profile" name="test_dressme_still_works_with_new_profile_fields" time="10.010" /></testsuite></testsuites>