<?xml version="1.0" encoding="utf-8"?><testsuites name="pytest tests"><testsuite name="pytest" errors="0" failures="0" skipped="0" tests="16" time="43.327" timestamp="2026-07-20T13:45:54.918970+00:00" hostname="agent-env-8647bd50-0a71-4b37-9fef-4ea3b2f08052"><testcase classname="backend.tests.test_aura_new_features.TestAnalyzeItemExtras" name="test_analyze_returns_extra_style_fields" time="3.113" /><testcase classname="backend.tests.test_aura_new_features.TestStylistConfidence" name="test_stylist_returns_confidence_and_reasons" time="9.705" /><testcase classname="backend.tests.test_aura_new_features.TestCompatibility" name="test_compatibility_unauth" time="0.176" /><testcase classname="backend.tests.test_aura_new_features.TestCompatibility" name="test_compatibility_404" time="0.178" /><testcase classname="backend.tests.test_aura_new_features.TestCompatibility" name="test_compatibility_ok" time="3.725" /><testcase classname="backend.tests.test_aura_new_features.TestLaundry" name="test_put_availability_washing_appears_in_laundry" time="0.355" /><testcase classname="backend.tests.test_aura_new_features.TestLaundry" name="test_stylist_excludes_washing_items" time="8.579" /><testcase classname="backend.tests.test_aura_new_features.TestLaundry" name="test_reset_to_ready_removes_from_laundry" time="0.608" /><testcase classname="backend.tests.test_aura_new_features.TestWearMarkDirty" name="test_wear_with_mark_dirty_sets_dirty" time="0.675" /><testcase classname="backend.tests.test_aura_new_features.TestWearMarkDirty" name="test_wear_list_hydrated" time="0.094" /><testcase classname="backend.tests.test_aura_new_features.TestOutfitsLifecycle" name="test_outfit_create_list_delete" time="0.598" /><testcase classname="backend.tests.test_aura_new_features.TestPlans" name="test_plans_unauth" time="0.118" /><testcase classname="backend.tests.test_aura_new_features.TestPlans" name="test_plan_create_range_filter_delete" time="0.745" /><testcase classname="backend.tests.test_aura_new_features.TestPacking" name="test_packing_plan_ok" time="5.192" /><testcase classname="backend.tests.test_aura_new_features.TestCapsule" name="test_capsule_build_work" time="4.261" /><testcase classname="backend.tests.test_aura_new_features.TestHealthReport" name="test_health_report_ok" time="5.145" /></testsuite></testsuites>