<?xml version="1.0" encoding="utf-8"?><testsuites name="pytest tests"><testsuite name="pytest" errors="0" failures="0" skipped="0" tests="20" time="4.494" timestamp="2026-07-21T17:19:09.487237+00:00" hostname="agent-env-8647bd50-0a71-4b37-9fef-4ea3b2f08052"><testcase classname="backend.tests.test_iteration21_guest_mode.TestGuestAuth" name="test_create_guest_returns_session_and_user" time="0.147" /><testcase classname="backend.tests.test_iteration21_guest_mode.TestGuestAuth" name="test_auth_me_reflects_guest" time="0.128" /><testcase classname="backend.tests.test_iteration21_guest_mode.TestGuestAuth" name="test_no_token_is_401" time="0.119" /><testcase classname="backend.tests.test_iteration21_guest_mode.TestGuestScopedData" name="test_profiles_autocreate_for_guest" time="0.117" /><testcase classname="backend.tests.test_iteration21_guest_mode.TestGuestScopedData" name="test_guest_can_add_and_list_item" time="0.327" /><testcase classname="backend.tests.test_iteration21_guest_mode.TestGuestScopedData" name="test_guest_can_create_and_list_outfit" time="0.400" /><testcase classname="backend.tests.test_iteration21_guest_mode.TestGuestGating" name="test_stylist_metered_allowed_within_free_limit" time="1.093" /><testcase classname="backend.tests.test_iteration21_guest_mode.TestGuestGating" name="test_premium_only_features_return_402_for_guest[/dressme-POST-body0]" time="0.134" /><testcase classname="backend.tests.test_iteration21_guest_mode.TestGuestGating" name="test_premium_only_features_return_402_for_guest[/packing/plan-POST-body1]" time="0.114" /><testcase classname="backend.tests.test_iteration21_guest_mode.TestGuestGating" name="test_premium_only_features_return_402_for_guest[/capsule/build-POST-body2]" time="0.125" /><testcase classname="backend.tests.test_iteration21_guest_mode.TestGuestGating" name="test_premium_only_features_return_402_for_guest[/insights/health-report-POST-body3]" time="0.124" /><testcase classname="backend.tests.test_iteration21_guest_mode.TestGuestGating" name="test_premium_only_features_return_402_for_guest[/insights/missing-piece-POST-body4]" time="0.111" /><testcase classname="backend.tests.test_iteration21_guest_mode.TestGuestGating" name="test_premium_only_features_return_402_for_guest[/tryon-POST-body5]" time="0.099" /><testcase classname="backend.tests.test_iteration21_guest_mode.TestGuestGating" name="test_premium_only_features_return_402_for_guest[/shop-check-POST-body6]" time="0.126" /><testcase classname="backend.tests.test_iteration21_guest_mode.TestGuestGating" name="test_household_second_profile_402_for_guest" time="0.140" /><testcase classname="backend.tests.test_iteration21_guest_mode.TestSessionCompat" name="test_seeded_token_still_works_via_me" time="0.098" /><testcase classname="backend.tests.test_iteration21_guest_mode.TestSessionCompat" name="test_session_invalid_token_still_401" time="0.207" /><testcase classname="backend.tests.test_iteration21_guest_mode.TestSessionCompat" name="test_session_bogus_guest_token_does_not_crash" time="0.190" /><testcase classname="backend.tests.test_iteration21_guest_mode.TestSessionCompat" name="test_session_empty_guest_token_does_not_crash" time="0.154" /><testcase classname="backend.tests.test_iteration21_guest_mode.TestGuestLogout" name="test_guest_logout_invalidates_token" time="0.487" /></testsuite></testsuites>