<?xml version="1.0" encoding="utf-8"?><testsuites name="pytest tests"><testsuite name="pytest" errors="0" failures="1" skipped="1" tests="18" time="148.299" timestamp="2026-09-05T04:56:26.772888+00:00" hostname="agent-env-8647bd50-0a71-4b37-9fef-4ea3b2f08052"><testcase classname="backend.tests.test_launch_batch_b3.TestCapturePipeline" name="test_capture_clean_false" time="1.482" /><testcase classname="backend.tests.test_launch_batch_b3.TestCapturePipeline" name="test_clean_photo_endpoint" time="7.757" /><testcase classname="backend.tests.test_launch_batch_b3.TestCapturePipeline" name="test_diag_log" time="0.162" /><testcase classname="backend.tests.test_launch_batch_b3.TestDemoIsolation" name="test_guest_sees_demo" time="0.303" /><testcase classname="backend.tests.test_launch_batch_b3.TestDemoIsolation" name="test_real_account_no_demo" time="0.189" /><testcase classname="backend.tests.test_launch_batch_b3.TestDemoIsolation" name="test_reviewer_sees_demo" time="0.632" /><testcase classname="backend.tests.test_launch_batch_b3.TestDemoIsolation" name="test_real_account_no_demo_in_laundry" time="0.139" /><testcase classname="backend.tests.test_launch_batch_b3.TestBulkDelete" name="test_bulk_delete_empty_returns_400" time="0.104" /><testcase classname="backend.tests.test_launch_batch_b3.TestBulkDelete" name="test_bulk_delete_only_own_scope" time="0.592" /><testcase classname="backend.tests.test_launch_batch_b3.TestBulkDelete" name="test_bulk_delete_own_items" time="0.665" /><testcase classname="backend.tests.test_launch_batch_b3.TestStylistDressMe" name="test_stylist_suggest_returns_outfit" time="7.118" /><testcase classname="backend.tests.test_launch_batch_b3.TestStylistDressMe" name="test_dressme_diversity" time="7.812"><skipped type="pytest.skip" message="dressme did not return resolved_items">/app/backend/tests/test_launch_batch_b3.py:200: dressme did not return resolved_items</skipped></testcase><testcase classname="backend.tests.test_launch_batch_b3.TestHealthReportCopy" name="test_underused_summary_no_wasted_language" time="4.410" /><testcase classname="backend.tests.test_launch_batch_b3.TestCalendarAuthorize" name="test_derives_redirect_uri_from_forwarded_host" time="0.152"><failure message="AssertionError: redirect_uri did not use forwarded host. URL=https://accounts.google.com/o/oauth2/v2/auth?client_id=529785392979-9jdd23598u5a8onaq81j2220fuhqg92g.apps.googleusercontent.com&amp;redirect_uri=https%3A%2F%2Fwardrobe-ai-311.preview.emergentagent.com%2Fapi%2Fcalendar%2Fcallback&amp;response_type=code&amp;scope=https%3A%2F%2Fwww.googleapis.com%2Fauth%2Fcalendar.readonly&amp;access_type=offline&amp;include_granted_scopes=true&amp;prompt=consent&amp;state=f56679b1d1d844c8ba393&#10;assert ('wardrobe-ai-311.emergent.host%2Fapi%2Fcalendar%2Fcallback' in 'https://accounts.google.com/o/oauth2/v2/auth?client_id=529785392979-9jdd23598u5a8onaq81j2220fuhqg92g.apps.googleusercontent.com&amp;redirect_uri=https%3A%2F%2Fwardrobe-ai-311.preview.emergentagent.com%2Fapi%2Fcalendar%2Fcallback&amp;response_type=code&amp;scope=https%3A%2F%2Fwww.googleapis.com%2Fauth%2Fcalendar.readonly&amp;access_type=offline&amp;include_granted_scopes=true&amp;prompt=consent&amp;state=f56679b1d1d844c8ba393afac9e342ed' or 'wardrobe-ai-311.emergent.host/api/calendar/callback' in 'https://accounts.google.com/o/oauth2/v2/auth?client_id=529785392979-9jdd23598u5a8onaq81j2220fuhqg92g.apps.googleusercontent.com&amp;redirect_uri=https%3A%2F%2Fwardrobe-ai-311.preview.emergentagent.com%2Fapi%2Fcalendar%2Fcallback&amp;response_type=code&amp;scope=https%3A%2F%2Fwww.googleapis.com%2Fauth%2Fcalendar.readonly&amp;access_type=offline&amp;include_granted_scopes=true&amp;prompt=consent&amp;state=f56679b1d1d844c8ba393afac9e342ed')">backend/tests/test_launch_batch_b3.py:239: in test_derives_redirect_uri_from_forwarded_host
    assert "wardrobe-ai-311.emergent.host%2Fapi%2Fcalendar%2Fcallback" in url \
E   AssertionError: redirect_uri did not use forwarded host. URL=https://accounts.google.com/o/oauth2/v2/auth?client_id=529785392979-9jdd23598u5a8onaq81j2220fuhqg92g.apps.googleusercontent.com&amp;redirect_uri=https%3A%2F%2Fwardrobe-ai-311.preview.emergentagent.com%2Fapi%2Fcalendar%2Fcallback&amp;response_type=code&amp;scope=https%3A%2F%2Fwww.googleapis.com%2Fauth%2Fcalendar.readonly&amp;access_type=offline&amp;include_granted_scopes=true&amp;prompt=consent&amp;state=f56679b1d1d844c8ba393
E   assert ('wardrobe-ai-311.emergent.host%2Fapi%2Fcalendar%2Fcallback' in 'https://accounts.google.com/o/oauth2/v2/auth?client_id=529785392979-9jdd23598u5a8onaq81j2220fuhqg92g.apps.googleusercontent.com&amp;redirect_uri=https%3A%2F%2Fwardrobe-ai-311.preview.emergentagent.com%2Fapi%2Fcalendar%2Fcallback&amp;response_type=code&amp;scope=https%3A%2F%2Fwww.googleapis.com%2Fauth%2Fcalendar.readonly&amp;access_type=offline&amp;include_granted_scopes=true&amp;prompt=consent&amp;state=f56679b1d1d844c8ba393afac9e342ed' or 'wardrobe-ai-311.emergent.host/api/calendar/callback' in 'https://accounts.google.com/o/oauth2/v2/auth?client_id=529785392979-9jdd23598u5a8onaq81j2220fuhqg92g.apps.googleusercontent.com&amp;redirect_uri=https%3A%2F%2Fwardrobe-ai-311.preview.emergentagent.com%2Fapi%2Fcalendar%2Fcallback&amp;response_type=code&amp;scope=https%3A%2F%2Fwww.googleapis.com%2Fauth%2Fcalendar.readonly&amp;access_type=offline&amp;include_granted_scopes=true&amp;prompt=consent&amp;state=f56679b1d1d844c8ba393afac9e342ed')</failure></testcase><testcase classname="backend.tests.test_launch_batch_b3.TestCalendarAuthorize" name="test_falls_back_to_request_host" time="0.102" /><testcase classname="backend.tests.test_launch_batch_b3.TestFreeItemCap" name="test_item_cap_402_after_100" time="10.069" /><testcase classname="backend.tests.test_launch_batch_b3.TestFreeMonthlyMetering" name="test_stylist_monthly_limit" time="70.635" /><testcase classname="backend.tests.test_launch_batch_b3.TestFreeMonthlyMetering" name="test_dressme_monthly_limit" time="35.912" /></testsuite></testsuites>