<?xml version="1.0" encoding="utf-8"?><testsuites name="pytest tests"><testsuite name="pytest" errors="0" failures="0" skipped="0" tests="4" time="8.949" timestamp="2026-08-30T11:13:31.658016+00:00" hostname="agent-env-8647bd50-0a71-4b37-9fef-4ea3b2f08052"><testcase classname="backend.tests.test_iteration25_shopping_intel" name="test_shopping_intelligence_premium_returns_recommendations" time="8.231" /><testcase classname="backend.tests.test_iteration25_shopping_intel" name="test_shopping_intelligence_guest_returns_402" time="0.430" /><testcase classname="backend.tests.test_iteration25_shopping_intel" name="test_reviewer_is_premium" time="0.141" /><testcase classname="backend.tests.test_iteration25_shopping_intel" name="test_guest_is_not_premium" time="0.126" /></testsuite></testsuites>