<?xml version="1.0" encoding="utf-8"?><testsuites name="pytest tests"><testsuite name="pytest" errors="0" failures="0" skipped="0" tests="3" time="10.901" timestamp="2026-07-21T14:11:13.269002+00:00" hostname="agent-env-8647bd50-0a71-4b37-9fef-4ea3b2f08052"><testcase classname="backend.tests.test_iteration18_stylist_chat.TestGeneralQuestion" name="test_general_question_returns_null_outfit" time="4.876" /><testcase classname="backend.tests.test_iteration18_stylist_chat.TestOutfitRequest" name="test_outfit_request_returns_resolved_outfit" time="3.387" /><testcase classname="backend.tests.test_iteration18_stylist_chat.TestSchemaAndHistory" name="test_multi_turn_history_accepted" time="2.614" /></testsuite></testsuites>