<?xml version="1.0" encoding="utf-8"?><testsuites name="pytest tests"><testsuite name="pytest" errors="0" failures="0" skipped="0" tests="10" time="42.394" timestamp="2026-07-20T20:25:33.147922+00:00" hostname="agent-env-8647bd50-0a71-4b37-9fef-4ea3b2f08052"><testcase classname="backend.tests.test_multiprofile_scoping.TestAnalyzeItemCategoryHint" name="test_without_category_hint" time="2.439" /><testcase classname="backend.tests.test_multiprofile_scoping.TestAnalyzeItemCategoryHint" name="test_with_category_hint_tops" time="1.948" /><testcase classname="backend.tests.test_multiprofile_scoping.TestScopedRegression" name="test_stylist_scoped" time="9.531" /><testcase classname="backend.tests.test_multiprofile_scoping.TestScopedRegression" name="test_stylist_empty_profile_ok" time="0.254" /><testcase classname="backend.tests.test_multiprofile_scoping.TestScopedRegression" name="test_compatibility_scoped" time="3.770" /><testcase classname="backend.tests.test_multiprofile_scoping.TestScopedRegression" name="test_capsule_scoped" time="6.697" /><testcase classname="backend.tests.test_multiprofile_scoping.TestScopedRegression" name="test_packing_scoped[0]" time="5.179" /><testcase classname="backend.tests.test_multiprofile_scoping.TestScopedRegression" name="test_packing_scoped[14]" time="4.649" /><testcase classname="backend.tests.test_multiprofile_scoping.TestScopedRegression" name="test_missing_piece_scoped" time="2.630" /><testcase classname="backend.tests.test_multiprofile_scoping.TestScopedRegression" name="test_health_report_scoped" time="5.278" /></testsuite></testsuites>