<?xml version="1.0" encoding="utf-8"?><testsuites name="pytest tests"><testsuite name="pytest" errors="0" failures="0" skipped="0" tests="3" time="5.171" timestamp="2026-09-05T13:58:43.068206+00:00" hostname="agent-env-8647bd50-0a71-4b37-9fef-4ea3b2f08052"><testcase classname="tests.test_iteration29_launch.TestBulkDelete" name="test_bulk_delete_empty_400" time="0.149" /><testcase classname="tests.test_iteration29_launch.TestBulkDelete" name="test_bulk_delete_own_items" time="0.362" /><testcase classname="tests.test_iteration29_launch.TestHealthReport" name="test_underused_summary_present" time="4.559" /></testsuite></testsuites>