<?xml version="1.0" encoding="utf-8"?><testsuites name="pytest tests"><testsuite name="pytest" errors="0" failures="0" skipped="0" tests="10" time="2.012" timestamp="2026-07-21T16:09:18.435891+00:00" hostname="agent-env-8647bd50-0a71-4b37-9fef-4ea3b2f08052"><testcase classname="backend.tests.test_iteration20_collections.TestCollectionsCRUD" name="test_create_collection" time="0.361" /><testcase classname="backend.tests.test_iteration20_collections.TestCollectionsCRUD" name="test_list_collections_shape" time="0.065" /><testcase classname="backend.tests.test_iteration20_collections.TestCollectionsCRUD" name="test_get_detail_empty" time="0.067" /><testcase classname="backend.tests.test_iteration20_collections.TestCollectionsCRUD" name="test_get_detail_not_found" time="0.065" /><testcase classname="backend.tests.test_iteration20_collections.TestCollectionsCRUD" name="test_patch_add_and_remove_outfit" time="0.327" /><testcase classname="backend.tests.test_iteration20_collections.TestCollectionsCRUD" name="test_patch_rename" time="0.129" /><testcase classname="backend.tests.test_iteration20_collections.TestCollectionsCRUD" name="test_patch_not_found" time="0.063" /><testcase classname="backend.tests.test_iteration20_collections.TestCollectionsCRUD" name="test_delete_collection" time="0.181" /><testcase classname="backend.tests.test_iteration20_collections.TestOutfitDeletePullsFromCollections" name="test_delete_outfit_removes_from_collection" time="0.388" /><testcase classname="backend.tests.test_iteration20_collections.TestCollectionsAuth" name="test_unauthorized" time="0.331" /></testsuite></testsuites>