<?xml version="1.0" encoding="utf-8"?><testsuites name="pytest tests"><testsuite name="pytest" errors="0" failures="0" skipped="0" tests="14" time="12.652" timestamp="2026-09-05T13:58:52.754822+00:00" hostname="agent-env-8647bd50-0a71-4b37-9fef-4ea3b2f08052"><testcase classname="tests.test_iteration29_launch.TestWornPhotoOnly" name="test_worn_photo_only_creates_item" time="0.539" /><testcase classname="tests.test_iteration29_launch.TestWornPhotoOnly" name="test_no_image_400s" time="0.109" /><testcase classname="tests.test_iteration29_launch.TestCaptureWorn" name="test_capture_worn_returns_analysis" time="1.278" /><testcase classname="tests.test_iteration29_launch.TestReviewerReconciliation" name="test_user_item_survives_restart_and_stale_demo_pruned" time="4.203" /><testcase classname="tests.test_iteration29_launch.TestCalendarConfig" name="test_config_returns_diagnostic_no_secret" time="0.097" /><testcase classname="tests.test_iteration29_launch.TestCalendarAuthorize" name="test_authorize_returns_google_url_and_state" time="0.101" /><testcase classname="tests.test_iteration29_launch.TestDemoIsolation" name="test_guest_sees_demo" time="0.348" /><testcase classname="tests.test_iteration29_launch.TestDemoIsolation" name="test_real_account_sees_no_demo" time="0.173" /><testcase classname="tests.test_iteration29_launch.TestDemoIsolation" name="test_reviewer_sees_its_demo" time="0.174" /><testcase classname="tests.test_iteration29_launch.TestBulkDelete" name="test_bulk_delete_empty_400" time="0.135" /><testcase classname="tests.test_iteration29_launch.TestBulkDelete" name="test_bulk_delete_own_items" time="0.352" /><testcase classname="tests.test_iteration29_launch.TestHealthReport" name="test_underused_summary_present" time="4.359" /><testcase classname="tests.test_iteration29_launch.TestProfiles" name="test_premium_creates_empty_secondary_profile" time="0.590" /><testcase classname="tests.test_iteration29_launch.TestProfiles" name="test_free_account_gets_402" time="0.100" /></testsuite></testsuites>