<?xml version="1.0" encoding="utf-8"?><testsuites name="pytest tests"><testsuite name="pytest" errors="0" failures="0" skipped="0" tests="7" time="15.819" timestamp="2026-07-21T13:38:33.532014+00:00" hostname="agent-env-8647bd50-0a71-4b37-9fef-4ea3b2f08052"><testcase classname="backend.tests.test_iteration16_home_dressme.TestAuthAndCounts" name="test_items_list_ok" time="0.232" /><testcase classname="backend.tests.test_iteration16_home_dressme.TestAuthAndCounts" name="test_outfits_list_ok" time="0.202" /><testcase classname="backend.tests.test_iteration16_home_dressme.TestDressMe" name="test_dressme_generates_look" time="13.613" /><testcase classname="backend.tests.test_iteration16_home_dressme.TestOutfitsFlow" name="test_create_outfit_save_look" time="0.460" /><testcase classname="backend.tests.test_iteration16_home_dressme.TestOutfitsFlow" name="test_duplicate_outfit" time="0.438" /><testcase classname="backend.tests.test_iteration16_home_dressme.TestOutfitsFlow" name="test_plans_set_as_today" time="0.625" /><testcase classname="backend.tests.test_iteration16_home_dressme.TestOutfitsFlow" name="test_delete_outfit" time="0.221" /></testsuite></testsuites>