<?xml version="1.0" encoding="utf-8"?><testsuites name="pytest tests"><testsuite name="pytest" errors="0" failures="0" skipped="1" tests="11" time="5.808" timestamp="2026-07-20T20:25:22.212580+00:00" hostname="agent-env-8647bd50-0a71-4b37-9fef-4ea3b2f08052"><testcase classname="backend.tests.test_multiprofile_scoping.TestProfilesDiscovery" name="test_list_profiles" time="0.367" /><testcase classname="backend.tests.test_multiprofile_scoping.TestProfilesDiscovery" name="test_no_header_uses_default_profile" time="0.333" /><testcase classname="backend.tests.test_multiprofile_scoping.TestItemScoping" name="test_items_isolated_between_profiles" time="1.008" /><testcase classname="backend.tests.test_multiprofile_scoping.TestProfileAttrsScoping" name="test_put_profile_scoped_to_active" time="0.563" /><testcase classname="backend.tests.test_multiprofile_scoping.TestProfileCRUD" name="test_create_rename_delete_and_scoping" time="0.857" /><testcase classname="backend.tests.test_multiprofile_scoping.TestProfileCRUD" name="test_cannot_delete_last_profile" time="0.116"><skipped type="pytest.skip" message="Last-profile 400 guard not asserted destructively (would delete seeded 'Aura' or 'David'). Code inspection: server.py:260-262 raises 400 when count &lt;= 1.">/app/backend/tests/test_multiprofile_scoping.py:237: Last-profile 400 guard not asserted destructively (would delete seeded 'Aura' or 'David'). Code inspection: server.py:260-262 raises 400 when count &lt;= 1.</skipped></testcase><testcase classname="backend.tests.test_multiprofile_scoping.TestScopedRegression" name="test_insights_scoped" time="0.097" /><testcase classname="backend.tests.test_multiprofile_scoping.TestScopedRegression" name="test_laundry_scoped" time="0.122" /><testcase classname="backend.tests.test_multiprofile_scoping.TestWearAndPlansScoped" name="test_wear_scoped_to_profile" time="0.645" /><testcase classname="backend.tests.test_multiprofile_scoping.TestWearAndPlansScoped" name="test_plans_crud_scoped" time="0.674" /><testcase classname="backend.tests.test_multiprofile_scoping.TestLaundryScoped" name="test_washing_appears_only_in_owning_profile" time="0.973" /></testsuite></testsuites>