<?xml version="1.0" encoding="utf-8"?><testsuites name="pytest tests"><testsuite name="pytest" errors="0" failures="0" skipped="0" tests="9" time="24.807" timestamp="2026-07-20T21:18:03.206730+00:00" hostname="agent-env-8647bd50-0a71-4b37-9fef-4ea3b2f08052"><testcase classname="backend.tests.test_iteration5_new_features.TestPairsCount" name="test_every_item_has_integer_pairs_count" time="0.240" /><testcase classname="backend.tests.test_iteration5_new_features.TestPairsCount" name="test_pairs_count_scoped_per_profile" time="0.135" /><testcase classname="backend.tests.test_iteration5_new_features.TestPairsCount" name="test_laundry_excluded_reduces_others_count_and_zero_for_washing" time="0.661" /><testcase classname="backend.tests.test_iteration5_new_features.TestPairsCount" name="test_pair_rules_same_category_and_dresses" time="2.133" /><testcase classname="backend.tests.test_iteration5_new_features.TestBeautySuggest" name="test_beauty_unauth" time="0.097" /><testcase classname="backend.tests.test_iteration5_new_features.TestBeautySuggest" name="test_beauty_400_when_profile_missing_colouring" time="0.100" /><testcase classname="backend.tests.test_iteration5_new_features.TestBeautySuggest" name="test_beauty_200_with_valid_profile_no_occasion" time="6.249" /><testcase classname="backend.tests.test_iteration5_new_features.TestBeautySuggest" name="test_beauty_200_with_occasion" time="6.720" /><testcase classname="backend.tests.test_iteration5_new_features.TestBeautySuggest" name="test_beauty_scoped_per_profile_no_leak" time="8.430" /></testsuite></testsuites>