<?xml version="1.0" encoding="utf-8"?><testsuites name="pytest tests"><testsuite name="pytest" errors="0" failures="1" skipped="0" tests="6" time="17.230" timestamp="2026-07-21T11:57:08.881359+00:00" hostname="agent-env-8647bd50-0a71-4b37-9fef-4ea3b2f08052"><testcase classname="backend.tests.test_iteration12_bulk_add.TestCaptureEndpoint" name="test_capture_returns_analysis_and_clean_image" time="8.399" /><testcase classname="backend.tests.test_iteration12_bulk_add.TestBulkAddContract" name="test_items_accepts_bulk_add_body_shape" time="0.140" /><testcase classname="backend.tests.test_iteration12_bulk_add.TestBulkAddContract" name="test_items_accepts_empty_string_price" time="0.129"><failure message="AssertionError: Empty string price rejected — bulk-add would fail for items with no estimated_value. Status=422 body={&quot;detail&quot;:[{&quot;type&quot;:&quot;float_parsing&quot;,&quot;loc&quot;:[&quot;body&quot;,&quot;price&quot;],&quot;msg&quot;:&quot;Input should be a valid number, unable to parse string as a number&quot;,&quot;input&quot;:&quot;&quot;,&quot;url&quot;:&quot;https://errors.pydantic.dev/2.13/v/float_parsing&quot;}]}&#10;assert 422 in (200, 201)&#10; +  where 422 = &lt;Response [422]&gt;.status_code">backend/tests/test_iteration12_bulk_add.py:162: in test_items_accepts_empty_string_price
    assert r.status_code in (200, 201), (
E   AssertionError: Empty string price rejected — bulk-add would fail for items with no estimated_value. Status=422 body={"detail":[{"type":"float_parsing","loc":["body","price"],"msg":"Input should be a valid number, unable to parse string as a number","input":"","url":"https://errors.pydantic.dev/2.13/v/float_parsing"}]}
E   assert 422 in (200, 201)
E    +  where 422 = &lt;Response [422]&gt;.status_code</failure></testcase><testcase classname="backend.tests.test_iteration12_bulk_add.TestBulkAddContract" name="test_items_persistence_via_get" time="0.128" /><testcase classname="backend.tests.test_iteration12_bulk_add.TestBulkAddContract" name="test_items_by_id_returns_full_record" time="0.135" /><testcase classname="backend.tests.test_iteration12_bulk_add.TestBulkAddRoundTrip" name="test_capture_output_can_feed_items" time="8.251" /></testsuite></testsuites>