<?xml version="1.0" encoding="utf-8"?><testsuites name="pytest tests"><testsuite name="pytest" errors="0" failures="0" skipped="0" tests="12" time="1.894" timestamp="2026-09-13T19:25:08.235642+00:00" hostname="agent-env-8647bd50-0a71-4b37-9fef-4ea3b2f08052"><testcase classname="backend.tests.test_iteration36_guest_removal" name="test_health_ok" time="0.279" /><testcase classname="backend.tests.test_iteration36_guest_removal" name="test_guest_endpoint_removed" time="0.047" /><testcase classname="backend.tests.test_iteration36_guest_removal" name="test_new_account_empty_items" time="0.362" /><testcase classname="backend.tests.test_iteration36_guest_removal" name="test_new_account_empty_outfits" time="0.068" /><testcase classname="backend.tests.test_iteration36_guest_removal" name="test_new_account_non_premium" time="0.067" /><testcase classname="backend.tests.test_iteration36_guest_removal" name="test_new_account_no_plans" time="0.067" /><testcase classname="backend.tests.test_iteration36_guest_removal" name="test_new_account_no_wear_history" time="0.061" /><testcase classname="backend.tests.test_iteration36_guest_removal" name="test_login_again_same_password" time="0.287" /><testcase classname="backend.tests.test_iteration36_guest_removal" name="test_delete_throwaway_account" time="0.144" /><testcase classname="backend.tests.test_iteration36_guest_removal" name="test_reviewer_login_ok" time="0.295" /><testcase classname="backend.tests.test_iteration36_guest_removal" name="test_reviewer_is_premium" time="0.056" /><testcase classname="backend.tests.test_iteration36_guest_removal" name="test_reviewer_still_has_wardrobe" time="0.129" /></testsuite></testsuites>