<?xml version="1.0" encoding="utf-8"?><testsuites name="pytest tests"><testsuite name="pytest" errors="0" failures="0" skipped="0" tests="7" time="19.108" timestamp="2026-07-21T06:12:03.928447+00:00" hostname="agent-env-8647bd50-0a71-4b37-9fef-4ea3b2f08052"><testcase classname="backend.tests.test_iteration9_tryon" name="test_1_free_account_tryon_returns_402" time="0.170" /><testcase classname="backend.tests.test_iteration9_tryon" name="test_2a_premium_empty_person_image_returns_400" time="0.092" /><testcase classname="backend.tests.test_iteration9_tryon" name="test_2b_premium_items_without_photos_returns_400" time="0.134" /><testcase classname="backend.tests.test_iteration9_tryon" name="test_2c_premium_empty_item_ids_no_outfit_returns_400" time="0.116" /><testcase classname="backend.tests.test_iteration9_tryon" name="test_3_premium_happy_path_returns_image" time="9.776" /><testcase classname="backend.tests.test_iteration9_tryon" name="test_4a_regression_dressme_premium_returns_200" time="8.608" /><testcase classname="backend.tests.test_iteration9_tryon" name="test_4b_regression_items_returns_pairs_count" time="0.111" /></testsuite></testsuites>