<?xml version="1.0" encoding="utf-8"?><testsuites name="pytest tests"><testsuite name="pytest" errors="0" failures="0" skipped="0" tests="5" time="10.624" timestamp="2026-09-11T16:56:36.301166+00:00" hostname="agent-env-8647bd50-0a71-4b37-9fef-4ea3b2f08052"><testcase classname="backend.tests.test_iteration32_dressme_context.TestContextAuth" name="test_context_requires_auth" time="0.388" /><testcase classname="backend.tests.test_iteration32_dressme_context.TestDressMeContext" name="test_no_plan_no_calendar_returns_false" time="0.374" /><testcase classname="backend.tests.test_iteration32_dressme_context.TestDressMeContext" name="test_plan_for_today_returns_true_with_source_plan" time="0.816" /><testcase classname="backend.tests.test_iteration32_dressme_context.TestReviewerContext" name="test_reviewer_no_plan_today" time="0.830" /><testcase classname="backend.tests.test_iteration32_dressme_context.TestDressMeWearNoMutate" name="test_generate_does_not_touch_wear_stats" time="8.192" /></testsuite></testsuites>