<?xml version="1.0" encoding="utf-8"?><testsuites name="pytest tests"><testsuite name="pytest" errors="0" failures="0" skipped="0" tests="7" time="23.500" timestamp="2026-09-11T12:15:42.072203+00:00" hostname="agent-env-8647bd50-0a71-4b37-9fef-4ea3b2f08052"><testcase classname="backend.tests.test_iteration31_outfit_feedback_swap.TestOutfitFeedbackGuardRails" name="test_fewer_than_two_items_returns_400" time="0.966" /><testcase classname="backend.tests.test_iteration31_outfit_feedback_swap.TestOutfitFeedbackGuardRails" name="test_empty_item_ids_returns_400" time="0.165" /><testcase classname="backend.tests.test_iteration31_outfit_feedback_swap.TestOutfitFeedbackGuardRails" name="test_unknown_ids_returns_404" time="0.140" /><testcase classname="backend.tests.test_iteration31_outfit_feedback_swap.TestOutfitFeedbackSwapCategory" name="test_no_cross_category_swap_across_combos" time="18.140" /><testcase classname="backend.tests.test_iteration31_outfit_feedback_swap.TestOutfitFeedbackGating" name="test_free_account_may_hit_402" time="3.611" /><testcase classname="backend.tests.test_iteration31_outfit_feedback_swap.TestOutfitFeedbackGating" name="test_unauthenticated_returns_401" time="0.173" /><testcase classname="backend.tests.test_iteration31_outfit_feedback_swap.TestItemsListForBuilder" name="test_items_returned" time="0.276" /></testsuite></testsuites>