<?xml version="1.0" encoding="utf-8"?><testsuites name="pytest tests"><testsuite name="pytest" errors="0" failures="0" skipped="0" tests="17" time="55.117" timestamp="2026-07-20T19:11:32.873358+00:00" hostname="agent-env-8647bd50-0a71-4b37-9fef-4ea3b2f08052"><testcase classname="backend.tests.test_iteration3_targeted.TestRoot" name="test_api_root" time="0.207" /><testcase classname="backend.tests.test_iteration3_targeted.TestRoot" name="test_weather" time="0.686" /><testcase classname="backend.tests.test_iteration3_targeted.TestProfile" name="test_profile_full_update_and_me_returns_it" time="0.256" /><testcase classname="backend.tests.test_iteration3_targeted.TestProfile" name="test_profile_partial_update_merges" time="0.233" /><testcase classname="backend.tests.test_iteration3_targeted.TestStylistWithProfile" name="test_stylist_ok_with_profile" time="9.495" /><testcase classname="backend.tests.test_iteration3_targeted.TestPackingOffsets" name="test_packing_plan_offset_ok[0]" time="5.364" /><testcase classname="backend.tests.test_iteration3_targeted.TestPackingOffsets" name="test_packing_plan_offset_ok[3]" time="5.395" /><testcase classname="backend.tests.test_iteration3_targeted.TestPackingOffsets" name="test_packing_plan_offset_ok[7]" time="5.610" /><testcase classname="backend.tests.test_iteration3_targeted.TestPackingOffsets" name="test_packing_plan_offset_ok[14]" time="5.665" /><testcase classname="backend.tests.test_iteration3_targeted.TestCapsuleOccasion" name="test_capsule_travel_business_pleasure" time="4.372" /><testcase classname="backend.tests.test_iteration3_targeted.TestLaundryExclusion" name="test_washing_appears_in_laundry" time="0.439" /><testcase classname="backend.tests.test_iteration3_targeted.TestLaundryExclusion" name="test_stylist_excludes_washing_item" time="9.599" /><testcase classname="backend.tests.test_iteration3_targeted.TestLaundryExclusion" name="test_reset_ready_removes_from_laundry" time="0.486" /><testcase classname="backend.tests.test_iteration3_targeted.TestItemsCRUDQuick" name="test_items_crud" time="0.447" /><testcase classname="backend.tests.test_iteration3_targeted.TestInsights" name="test_insights" time="0.104" /><testcase classname="backend.tests.test_iteration3_targeted.TestInsights" name="test_insights_missing_piece" time="3.003" /><testcase classname="backend.tests.test_iteration3_targeted.TestCompatibilityQuick" name="test_compat_ok" time="3.706" /></testsuite></testsuites>