<?xml version="1.0" encoding="utf-8"?><testsuites name="pytest tests"><testsuite name="pytest" errors="0" failures="0" skipped="0" tests="11" time="19.321" timestamp="2026-07-21T11:25:48.213301+00:00" hostname="agent-env-8647bd50-0a71-4b37-9fef-4ea3b2f08052"><testcase classname="backend.tests.test_iteration10_capture_calendar.TestCapture" name="test_capture_clean_true" time="5.744" /><testcase classname="backend.tests.test_iteration10_capture_calendar.TestCapture" name="test_capture_clean_false" time="1.747" /><testcase classname="backend.tests.test_iteration10_capture_calendar.TestAnalyzeItemCompat" name="test_analyze_item_returns_analysis_directly" time="2.019" /><testcase classname="backend.tests.test_iteration10_capture_calendar.TestCalendarNotConnected" name="test_status" time="0.131" /><testcase classname="backend.tests.test_iteration10_capture_calendar.TestCalendarNotConnected" name="test_authorize_returns_google_url" time="0.109" /><testcase classname="backend.tests.test_iteration10_capture_calendar.TestCalendarNotConnected" name="test_events_empty_when_not_connected" time="0.138" /><testcase classname="backend.tests.test_iteration10_capture_calendar.TestCalendarNotConnected" name="test_disconnect_ok" time="0.097" /><testcase classname="backend.tests.test_iteration10_capture_calendar.TestCalendarNotConnected" name="test_callback_access_denied_returns_html_200" time="0.138" /><testcase classname="backend.tests.test_iteration10_capture_calendar.TestDressMeCalendarEvents" name="test_dressme_includes_calendar_events" time="8.789" /><testcase classname="backend.tests.test_iteration10_capture_calendar.TestRegression" name="test_items_has_pairs_count" time="0.121" /><testcase classname="backend.tests.test_iteration10_capture_calendar.TestRegression" name="test_membership_plans" time="0.184" /></testsuite></testsuites>