<?xml version="1.0" encoding="utf-8"?><testsuites name="pytest tests"><testsuite name="pytest" errors="0" failures="0" skipped="0" tests="6" time="15.922" timestamp="2026-07-21T12:09:34.381705+00:00" hostname="agent-env-8647bd50-0a71-4b37-9fef-4ea3b2f08052"><testcase classname="backend.tests.test_iteration13_duplicates.TestCaptureDuplicatesContract" name="test_response_has_duplicates_key" time="1.983" /><testcase classname="backend.tests.test_iteration13_duplicates.TestCaptureDuplicatesContract" name="test_seed_duplicate_and_detect" time="3.594" /><testcase classname="backend.tests.test_iteration13_duplicates.TestCaptureDuplicatesContract" name="test_different_category_is_not_returned" time="3.571" /><testcase classname="backend.tests.test_iteration13_duplicates.TestCaptureRegression" name="test_capture_still_returns_analysis_and_clean_image" time="5.809" /><testcase classname="backend.tests.test_iteration13_duplicates.TestItemsPriceCoercion" name="test_price_empty_string_coerced_to_null" time="0.315" /><testcase classname="backend.tests.test_iteration13_duplicates.TestItemsPriceCoercion" name="test_price_numeric_string_still_ok" time="0.624" /></testsuite></testsuites>