<?xml version="1.0" encoding="utf-8"?><testsuites name="pytest tests"><testsuite name="pytest" errors="0" failures="0" skipped="0" tests="5" time="7.157" timestamp="2026-08-30T16:19:07.705197+00:00" hostname="agent-env-8647bd50-0a71-4b37-9fef-4ea3b2f08052"><testcase classname="backend.tests.test_iteration27_profile_persistence.TestSingleItemPersistence" name="test_named_item_persists_with_correct_fields" time="1.505" /><testcase classname="backend.tests.test_iteration27_profile_persistence.TestBulkPersistence" name="test_bulk_added_items_preserve_names_and_categories" time="1.746" /><testcase classname="backend.tests.test_iteration27_profile_persistence.TestCountStability" name="test_repeated_get_items_count_stable" time="1.097" /><testcase classname="backend.tests.test_iteration27_profile_persistence.TestMultiProfileSwitchStability" name="test_switching_headers_returns_owner_scoped_lists" time="2.059" /><testcase classname="backend.tests.test_iteration27_profile_persistence.TestNoHeaderFallbackBehaviour" name="test_no_header_uses_default_profile_and_hides_other_profile_items" time="0.721" /></testsuite></testsuites>