<?xml version="1.0" encoding="utf-8"?><testsuites name="pytest tests"><testsuite name="pytest" errors="0" failures="0" skipped="0" tests="30" time="23.022" timestamp="2026-07-20T13:46:43.379894+00:00" hostname="agent-env-8647bd50-0a71-4b37-9fef-4ea3b2f08052"><testcase classname="backend.tests.test_aura_backend.TestHealth" name="test_root" time="0.120" /><testcase classname="backend.tests.test_aura_backend.TestHealth" name="test_weather_ok" time="0.556" /><testcase classname="backend.tests.test_aura_backend.TestHealth" name="test_weather_missing_params" time="0.043" /><testcase classname="backend.tests.test_aura_backend.TestAuth" name="test_me_without_token" time="0.106" /><testcase classname="backend.tests.test_aura_backend.TestAuth" name="test_me_bad_token" time="0.105" /><testcase classname="backend.tests.test_aura_backend.TestAuth" name="test_me_ok" time="0.102" /><testcase classname="backend.tests.test_aura_backend.TestItemsCRUD" name="test_create_item" time="0.100" /><testcase classname="backend.tests.test_aura_backend.TestItemsCRUD" name="test_list_items_contains_created" time="0.103" /><testcase classname="backend.tests.test_aura_backend.TestItemsCRUD" name="test_list_items_unauth" time="0.099" /><testcase classname="backend.tests.test_aura_backend.TestItemsCRUD" name="test_get_item" time="0.113" /><testcase classname="backend.tests.test_aura_backend.TestItemsCRUD" name="test_get_item_404" time="0.091" /><testcase classname="backend.tests.test_aura_backend.TestItemsCRUD" name="test_update_item_and_verify_persistence" time="0.213" /><testcase classname="backend.tests.test_aura_backend.TestItemsCRUD" name="test_update_item_empty_400" time="0.104" /><testcase classname="backend.tests.test_aura_backend.TestItemsCRUD" name="test_list_category_filter" time="0.116" /><testcase classname="backend.tests.test_aura_backend.TestItemsCRUD" name="test_delete_item" time="0.427" /><testcase classname="backend.tests.test_aura_backend.TestAnalyzeItem" name="test_analyze_item_unauth" time="0.118" /><testcase classname="backend.tests.test_aura_backend.TestAnalyzeItem" name="test_analyze_item_ok" time="2.061" /><testcase classname="backend.tests.test_aura_backend.TestStylist" name="test_stylist_unauth" time="0.104" /><testcase classname="backend.tests.test_aura_backend.TestStylist" name="test_stylist_suggests_only_owned" time="11.335" /><testcase classname="backend.tests.test_aura_backend.TestShopCheck" name="test_shop_check_unauth" time="0.178" /><testcase classname="backend.tests.test_aura_backend.TestShopCheck" name="test_shop_check_ok" time="2.461" /><testcase classname="backend.tests.test_aura_backend.TestOutfits" name="test_create_outfit" time="0.207" /><testcase classname="backend.tests.test_aura_backend.TestOutfits" name="test_list_outfits_hydrated" time="0.117" /><testcase classname="backend.tests.test_aura_backend.TestOutfits" name="test_outfits_unauth" time="0.095" /><testcase classname="backend.tests.test_aura_backend.TestWear" name="test_wear_increments_wear_count" time="0.316" /><testcase classname="backend.tests.test_aura_backend.TestWear" name="test_list_wear" time="0.114" /><testcase classname="backend.tests.test_aura_backend.TestInsights" name="test_insights_unauth" time="0.116" /><testcase classname="backend.tests.test_aura_backend.TestInsights" name="test_insights_shape" time="0.101" /><testcase classname="backend.tests.test_aura_backend.TestMissingPiece" name="test_missing_piece_unauth" time="0.107" /><testcase classname="backend.tests.test_aura_backend.TestMissingPiece" name="test_missing_piece_ok" time="3.163" /></testsuite></testsuites>