<?xml version="1.0" encoding="utf-8"?><testsuites name="pytest tests"><testsuite name="pytest" errors="0" failures="0" skipped="0" tests="11" time="6.164" timestamp="2026-07-28T16:30:19.782791+00:00" hostname="agent-env-8647bd50-0a71-4b37-9fef-4ea3b2f08052"><testcase classname="backend.tests.test_iteration24_email_auth" name="test_health" time="0.204" /><testcase classname="backend.tests.test_iteration24_email_auth" name="test_register_invalid_email" time="0.209" /><testcase classname="backend.tests.test_iteration24_email_auth" name="test_register_short_password" time="0.104" /><testcase classname="backend.tests.test_iteration24_email_auth" name="test_register_success_and_me" time="0.495" /><testcase classname="backend.tests.test_iteration24_email_auth" name="test_register_duplicate_email" time="0.471" /><testcase classname="backend.tests.test_iteration24_email_auth" name="test_login_success_and_wrong_password" time="1.183" /><testcase classname="backend.tests.test_iteration24_email_auth" name="test_login_nonexistent_email" time="0.111" /><testcase classname="backend.tests.test_iteration24_email_auth" name="test_guest_to_email_migration" time="1.671" /><testcase classname="backend.tests.test_iteration24_email_auth" name="test_delete_account_wipes_everything" time="0.628" /><testcase classname="backend.tests.test_iteration24_email_auth" name="test_delete_account_guest_variant" time="0.813" /><testcase classname="backend.tests.test_iteration24_email_auth" name="test_seeded_account_intact" time="0.231" /></testsuite></testsuites>