<?xml version="1.0" encoding="utf-8"?><testsuites name="pytest tests"><testsuite name="pytest" errors="0" failures="0" skipped="0" tests="5" time="29.528" timestamp="2026-09-11T22:35:58.940636+00:00" hostname="agent-env-8647bd50-0a71-4b37-9fef-4ea3b2f08052"><testcase classname="backend.tests.test_iteration33_local_date_and_feedback.TestContextLocalDate" name="test_yesterday_plan_does_not_leak_into_today_context" time="1.351" /><testcase classname="backend.tests.test_iteration33_local_date_and_feedback.TestContextLocalDate" name="test_context_still_works_without_date_param" time="0.356" /><testcase classname="backend.tests.test_iteration33_local_date_and_feedback.TestDressMeLocalDate" name="test_local_date_today_ignores_yesterday_plan" time="21.941" /><testcase classname="backend.tests.test_iteration33_local_date_and_feedback.TestFeedbackTone" name="test_clashing_outfit_names_problem" time="3.183" /><testcase classname="backend.tests.test_iteration33_local_date_and_feedback.TestFeedbackTone" name="test_swap_is_same_slot_or_null" time="2.665" /></testsuite></testsuites>