<?xml version="1.0" encoding="utf-8"?><testsuites name="pytest tests"><testsuite name="pytest" errors="0" failures="0" skipped="0" tests="11" time="3.793" timestamp="2026-09-15T17:42:50.119269+00:00" hostname="agent-env-8647bd50-0a71-4b37-9fef-4ea3b2f08052"><testcase classname="backend.tests.test_iteration37_taxonomy_calendar.TestSubcategoryPersistence" name="test_create_item_with_subcategory" time="0.706" /><testcase classname="backend.tests.test_iteration37_taxonomy_calendar.TestSubcategoryPersistence" name="test_get_items_returns_subcategory" time="0.146" /><testcase classname="backend.tests.test_iteration37_taxonomy_calendar.TestSubcategoryPersistence" name="test_put_updates_category_and_subcategory" time="0.335" /><testcase classname="backend.tests.test_iteration37_taxonomy_calendar.TestSubcategoryPersistence" name="test_put_empty_string_clears_subcategory" time="0.304" /><testcase classname="backend.tests.test_iteration37_taxonomy_calendar.TestSubcategoryPersistence" name="test_cross_category_flow" time="1.267" /><testcase classname="backend.tests.test_iteration37_taxonomy_calendar.TestCalendarDiagnostics" name="test_calendar_config_shape" time="0.156" /><testcase classname="backend.tests.test_iteration37_taxonomy_calendar.TestCalendarDiagnostics" name="test_calendar_callback_invalid_state_no_500" time="0.136" /><testcase classname="backend.tests.test_iteration37_taxonomy_calendar.TestCalendarDiagnostics" name="test_calendar_callback_error_param_no_500" time="0.148" /><testcase classname="backend.tests.test_iteration37_taxonomy_calendar.TestRegressionSmoke" name="test_health" time="0.179" /><testcase classname="backend.tests.test_iteration37_taxonomy_calendar.TestRegressionSmoke" name="test_reviewer_is_premium" time="0.147" /><testcase classname="backend.tests.test_iteration37_taxonomy_calendar.TestRegressionSmoke" name="test_reviewer_has_items" time="0.235" /></testsuite></testsuites>