<?xml version="1.0" encoding="utf-8"?><testsuites name="pytest tests"><testsuite name="pytest" errors="0" failures="0" skipped="0" tests="6" time="66.139" timestamp="2026-07-21T04:50:25.873057+00:00" hostname="agent-env-8647bd50-0a71-4b37-9fef-4ea3b2f08052"><testcase classname="backend.tests.test_iteration7_dressme.TestFreeGating" name="test_dressme_free_returns_402" time="0.191" /><testcase classname="backend.tests.test_iteration7_dressme.TestDressMePremium" name="test_dressme_with_weather_returns_outfit" time="9.413" /><testcase classname="backend.tests.test_iteration7_dressme.TestDressMePremium" name="test_dressme_occasion_override" time="10.638" /><testcase classname="backend.tests.test_iteration7_dressme.TestPlanInference" name="test_dressme_infers_occasion_from_today_plan" time="8.985" /><testcase classname="backend.tests.test_iteration7_dressme.TestStylistRegression" name="test_stylist_suggest_still_works" time="7.938" /><testcase classname="backend.tests.test_iteration7_dressme.TestPremiumBypass" name="test_three_dressme_calls_all_pass" time="28.880" /></testsuite></testsuites>