<?xml version="1.0" encoding="utf-8"?><testsuites name="pytest tests"><testsuite name="pytest" errors="0" failures="0" skipped="0" tests="6" time="7.894" timestamp="2026-09-13T18:27:20.853312+00:00" hostname="agent-env-8647bd50-0a71-4b37-9fef-4ea3b2f08052"><testcase classname="backend.tests.test_iteration35_wardrobe_taxonomy.TestServerHealth" name="test_api_reachable" time="0.229" /><testcase classname="backend.tests.test_iteration35_wardrobe_taxonomy.TestSeedItemsRoundTrip" name="test_1_create_all_seed_items" time="7.002" /><testcase classname="backend.tests.test_iteration35_wardrobe_taxonomy.TestSeedItemsRoundTrip" name="test_2_list_returns_all_seed" time="0.163" /><testcase classname="backend.tests.test_iteration35_wardrobe_taxonomy.TestSeedItemsRoundTrip" name="test_3_categories_intact" time="0.179" /><testcase classname="backend.tests.test_iteration35_wardrobe_taxonomy.TestSeedItemsRoundTrip" name="test_zzz_cleanup_bulk_delete" time="0.142" /><testcase classname="backend.tests.test_iteration35_wardrobe_taxonomy.TestAnalyzeSystemPromptOK" name="test_backend_healthy" time="0.156" /></testsuite></testsuites>