<?xml version="1.0" encoding="utf-8"?><testsuites name="pytest tests"><testsuite name="pytest" errors="0" failures="0" skipped="0" tests="37" time="147.518" timestamp="2026-07-21T04:32:01.639960+00:00" hostname="agent-env-8647bd50-0a71-4b37-9fef-4ea3b2f08052"><testcase classname="backend.tests.test_iteration6_membership.TestMembershipPlans" name="test_plans_shape_and_values" time="0.131" /><testcase classname="backend.tests.test_iteration6_membership.TestMembershipPlans" name="test_plans_requires_auth" time="0.096" /><testcase classname="backend.tests.test_iteration6_membership.TestFreeGating402" name="test_packing_402" time="0.099" /><testcase classname="backend.tests.test_iteration6_membership.TestFreeGating402" name="test_capsule_402" time="0.098" /><testcase classname="backend.tests.test_iteration6_membership.TestFreeGating402" name="test_shop_check_402" time="0.139" /><testcase classname="backend.tests.test_iteration6_membership.TestFreeGating402" name="test_missing_piece_402" time="0.098" /><testcase classname="backend.tests.test_iteration6_membership.TestFreeGating402" name="test_health_report_402" time="0.105" /><testcase classname="backend.tests.test_iteration6_membership.TestFreeGating402" name="test_compatibility_402" time="0.229" /><testcase classname="backend.tests.test_iteration6_membership.TestFreeGating402" name="test_second_profile_402" time="0.101" /><testcase classname="backend.tests.test_iteration6_membership.TestFreeMetering" name="test_stylist_5_then_6th_402" time="41.923" /><testcase classname="backend.tests.test_iteration6_membership.TestFreeMetering" name="test_beauty_missing_skin_400_does_not_consume" time="0.091" /><testcase classname="backend.tests.test_iteration6_membership.TestFreeMetering" name="test_beauty_1_then_2nd_402" time="6.096" /><testcase classname="backend.tests.test_iteration6_membership.TestPayments" name="test_checkout_monthly_success" time="0.658" /><testcase classname="backend.tests.test_iteration6_membership.TestPayments" name="test_checkout_annual_success" time="0.521" /><testcase classname="backend.tests.test_iteration6_membership.TestPayments" name="test_checkout_invalid_plan_400" time="0.097" /><testcase classname="backend.tests.test_iteration6_membership.TestPayments" name="test_checkout_requires_auth" time="0.088" /><testcase classname="backend.tests.test_iteration6_membership.TestPayments" name="test_status_unknown_session_404" time="0.094" /><testcase classname="backend.tests.test_iteration6_membership.TestPayments" name="test_status_returns_unpaid_and_does_not_grant" time="0.343" /><testcase classname="backend.tests.test_iteration6_membership.TestPremiumFeatures" name="test_plans_reflects_premium" time="0.099" /><testcase classname="backend.tests.test_iteration6_membership.TestPremiumFeatures" name="test_packing_200" time="5.526" /><testcase classname="backend.tests.test_iteration6_membership.TestPremiumFeatures" name="test_capsule_200" time="4.671" /><testcase classname="backend.tests.test_iteration6_membership.TestPremiumFeatures" name="test_shop_check_200" time="2.496" /><testcase classname="backend.tests.test_iteration6_membership.TestPremiumFeatures" name="test_missing_piece_200" time="2.757" /><testcase classname="backend.tests.test_iteration6_membership.TestPremiumFeatures" name="test_health_report_200" time="4.883" /><testcase classname="backend.tests.test_iteration6_membership.TestPremiumFeatures" name="test_compatibility_200" time="3.527" /><testcase classname="backend.tests.test_iteration6_membership.TestPremiumFeatures" name="test_stylist_unlimited" time="52.523" /><testcase classname="backend.tests.test_iteration6_membership.TestPremiumFeatures" name="test_beauty_unlimited" time="13.744" /><testcase classname="backend.tests.test_iteration6_membership.TestPremiumHouseholdCap" name="test_can_create_up_to_6_and_7th_fails" time="0.623" /><testcase classname="backend.tests.test_iteration6_membership.TestRegression" name="test_items_have_pairs_count" time="0.109" /><testcase classname="backend.tests.test_iteration6_membership.TestRegression" name="test_items_crud_roundtrip" time="0.624" /><testcase classname="backend.tests.test_iteration6_membership.TestRegression" name="test_insights" time="0.095" /><testcase classname="backend.tests.test_iteration6_membership.TestRegression" name="test_laundry" time="0.095" /><testcase classname="backend.tests.test_iteration6_membership.TestRegression" name="test_outfits_crud" time="0.388" /><testcase classname="backend.tests.test_iteration6_membership.TestRegression" name="test_plans_crud" time="0.383" /><testcase classname="backend.tests.test_iteration6_membership.TestRegression" name="test_wear_log" time="0.191" /><testcase classname="backend.tests.test_iteration6_membership.TestRegression" name="test_analyze_item_free" time="1.958" /><testcase classname="backend.tests.test_iteration6_membership.TestRegression" name="test_analyze_item_with_category_hint" time="1.720" /></testsuite></testsuites>