<?xml version="1.0" encoding="utf-8"?><testsuites name="pytest tests"><testsuite name="pytest" errors="0" failures="0" skipped="0" tests="8" time="17.269" timestamp="2026-09-12T03:43:39.203794+00:00" hostname="agent-env-8647bd50-0a71-4b37-9fef-4ea3b2f08052"><testcase classname="backend.tests.test_iteration34_tz_and_subfilters.TestContextTzOffset" name="test_context_accepts_tz_offset_no_plan" time="0.813" /><testcase classname="backend.tests.test_iteration34_tz_and_subfilters.TestContextTzOffset" name="test_context_tz_offset_various_values" time="2.136" /><testcase classname="backend.tests.test_iteration34_tz_and_subfilters.TestContextTzOffset" name="test_context_with_plan_returns_true_source_plan" time="0.523" /><testcase classname="backend.tests.test_iteration34_tz_and_subfilters.TestDressMeTzOffset" name="test_local_date_today_ignores_yesterday_plan_with_tz" time="7.182" /><testcase classname="backend.tests.test_iteration34_tz_and_subfilters.TestFeedbackToneAndGuard" name="test_clashing_outfit_names_problem" time="2.465" /><testcase classname="backend.tests.test_iteration34_tz_and_subfilters.TestFeedbackToneAndGuard" name="test_swap_guard_holds" time="2.391" /><testcase classname="backend.tests.test_iteration34_tz_and_subfilters.TestWardrobeSubfilterRoundTrip" name="test_create_all_and_verify_fields" time="1.615" /><testcase classname="backend.tests.test_iteration34_tz_and_subfilters.TestWardrobeSubfilterRoundTrip" name="test_zzz_bulk_delete_cleanup" time="0.125" /></testsuite></testsuites>