<?xml version="1.0" encoding="utf-8"?><testsuites name="pytest tests"><testsuite name="pytest" errors="0" failures="0" skipped="0" tests="19" time="21.174" timestamp="2026-09-05T18:42:43.869491+00:00" hostname="agent-env-8647bd50-0a71-4b37-9fef-4ea3b2f08052"><testcase classname="backend.tests.test_iteration30_scan_and_scope.TestWardrobeScan" name="test_requires_auth" time="0.139" /><testcase classname="backend.tests.test_iteration30_scan_and_scope.TestWardrobeScan" name="test_scan_masks_emails_and_returns_shape" time="0.525" /><testcase classname="backend.tests.test_iteration30_scan_and_scope.TestWardrobeScan" name="test_scan_no_writes" time="0.872" /><testcase classname="backend.tests.test_iteration30_scan_and_scope.TestWardrobeScan" name="test_scan_can_expose_guest_wardrobes" time="0.530" /><testcase classname="backend.tests.test_iteration30_scan_and_scope.TestMyWardrobeAudit" name="test_audit_shape_includes_other_accounts" time="0.114" /><testcase classname="backend.tests.test_iteration30_scan_and_scope.TestEntitlementScoping" name="test_profiles_is_primary_flag" time="0.121" /><testcase classname="backend.tests.test_iteration30_scan_and_scope.TestEntitlementScoping" name="test_secondary_creation_marked_non_primary" time="0.115" /><testcase classname="backend.tests.test_iteration30_scan_and_scope.TestEntitlementScoping" name="test_secondary_wardrobe_402_on_premium_only[/api/insights/health-report-POST]" time="0.099" /><testcase classname="backend.tests.test_iteration30_scan_and_scope.TestEntitlementScoping" name="test_secondary_wardrobe_402_on_premium_only[/api/insights/shopping-intelligence-POST]" time="0.113" /><testcase classname="backend.tests.test_iteration30_scan_and_scope.TestEntitlementScoping" name="test_primary_wardrobe_succeeds_on_premium_only[/api/insights/health-report-POST]" time="4.448" /><testcase classname="backend.tests.test_iteration30_scan_and_scope.TestEntitlementScoping" name="test_primary_wardrobe_succeeds_on_premium_only[/api/insights/shopping-intelligence-POST]" time="6.191" /><testcase classname="backend.tests.test_iteration30_scan_and_scope.TestEntitlementScoping" name="test_secondary_wardrobe_crud_still_works" time="0.699" /><testcase classname="backend.tests.test_iteration30_scan_and_scope.TestEntitlementScoping" name="test_metered_dressme_works_on_secondary" time="5.392" /><testcase classname="backend.tests.test_iteration30_scan_and_scope.TestEntitlementScoping" name="test_guest_cannot_create_secondary_profile" time="0.224" /><testcase classname="backend.tests.test_iteration30_scan_and_scope.TestRegressions" name="test_demo_isolation" time="0.622" /><testcase classname="backend.tests.test_iteration30_scan_and_scope.TestRegressions" name="test_worn_photo_only_item_creation" time="0.303" /><testcase classname="backend.tests.test_iteration30_scan_and_scope.TestRegressions" name="test_premium_secondary_wardrobe_no_free_cap" time="0.259" /><testcase classname="backend.tests.test_iteration30_scan_and_scope.TestRegressions" name="test_calendar_config_https_when_forwarded_host" time="0.116" /><testcase classname="backend.tests.test_iteration30_scan_and_scope.TestRegressions" name="test_calendar_config_http_only_localhost" time="0.239" /></testsuite></testsuites>